<?xml version="1.0" encoding="UTF-8"?>
<testsuite name="demo1Test" tests="1" skipped="0" failures="0" errors="0" timestamp="2020-03-19T19:35:31" hostname="LAPTOP-N41Q4R44" time="0.005">
  <properties/>
  <testcase name="name" classname="demo1Test" time="0.005"/>
  <system-out><![CDATA[heyy
]]></system-out>
  <system-err><![CDATA[]]></system-err>
</testsuite>
